<?xml version="1.0" encoding="UTF-8"?>
<testsuite xmlns:xsi="http://www.w3.org/2001/XMLSchema-instance" xsi:noNamespaceSchemaLocation="https://maven.apache.org/surefire/maven-surefire-plugin/xsd/surefire-test-report-3.0.xsd" version="3.0" name="br.upe.mavenBasico.ResultadoMegasenaTest" time="3.621" tests="1" errors="1" skipped="0" failures="0">
  <properties>
    <property name="java.specification.version" value="20"/>
    <property name="sun.cpu.isalist" value="amd64"/>
    <property name="sun.jnu.encoding" value="Cp1252"/>
    <property name="java.class.path" value="C:\Users\Vitório\projetos\mavenBasico\target\test-classes;C:\Users\Vitório\projetos\mavenBasico\target\classes;C:\Users\Vitório\.m2\repository\junit\junit\4.12\junit-4.12.jar;C:\Users\Vitório\.m2\repository\org\hamcrest\hamcrest-core\1.3\hamcrest-core-1.3.jar;C:\Users\Vitório\.m2\repository\org\apache\httpcomponents\httpclient\4.5.8\httpclient-4.5.8.jar;C:\Users\Vitório\.m2\repository\org\apache\httpcomponents\httpcore\4.4.11\httpcore-4.4.11.jar;C:\Users\Vitório\.m2\repository\commons-logging\commons-logging\1.2\commons-logging-1.2.jar;C:\Users\Vitório\.m2\repository\commons-codec\commons-codec\1.11\commons-codec-1.11.jar;"/>
    <property name="java.vm.vendor" value="Oracle Corporation"/>
    <property name="sun.arch.data.model" value="64"/>
    <property name="user.variant" value=""/>
    <property name="java.vendor.url" value="https://java.oracle.com/"/>
    <property name="user.timezone" value="America/Sao_Paulo"/>
    <property name="os.name" value="Windows 10"/>
    <property name="java.vm.specification.version" value="20"/>
    <property name="sun.java.launcher" value="SUN_STANDARD"/>
    <property name="user.country" value="BR"/>
    <property name="sun.boot.library.path" value="C:\Program Files\Java\jdk-20\bin"/>
    <property name="sun.java.command" value="C:\Users\Vitório\AppData\Local\Temp\surefire15060378374323385648\surefirebooter-20231025192731992_3.jar C:\Users\Vitório\AppData\Local\Temp\surefire15060378374323385648 2023-10-25T19-27-30_040-jvmRun1 surefire-20231025192731992_1tmp surefire_0-20231025192731992_2tmp"/>
    <property name="jdk.debug" value="release"/>
    <property name="surefire.test.class.path" value="C:\Users\Vitório\projetos\mavenBasico\target\test-classes;C:\Users\Vitório\projetos\mavenBasico\target\classes;C:\Users\Vitório\.m2\repository\junit\junit\4.12\junit-4.12.jar;C:\Users\Vitório\.m2\repository\org\hamcrest\hamcrest-core\1.3\hamcrest-core-1.3.jar;C:\Users\Vitório\.m2\repository\org\apache\httpcomponents\httpclient\4.5.8\httpclient-4.5.8.jar;C:\Users\Vitório\.m2\repository\org\apache\httpcomponents\httpcore\4.4.11\httpcore-4.4.11.jar;C:\Users\Vitório\.m2\repository\commons-logging\commons-logging\1.2\commons-logging-1.2.jar;C:\Users\Vitório\.m2\repository\commons-codec\commons-codec\1.11\commons-codec-1.11.jar;"/>
    <property name="sun.cpu.endian" value="little"/>
    <property name="user.home" value="C:\Users\Vitório"/>
    <property name="user.language" value="pt"/>
    <property name="java.specification.vendor" value="Oracle Corporation"/>
    <property name="java.version.date" value="2023-07-18"/>
    <property name="java.home" value="C:\Program Files\Java\jdk-20"/>
    <property name="file.separator" value="\"/>
    <property name="basedir" value="C:\Users\Vitório\projetos\mavenBasico"/>
    <property name="java.vm.compressedOopsMode" value="32-bit"/>
    <property name="line.separator" value="&#10;"/>
    <property name="java.vm.specification.vendor" value="Oracle Corporation"/>
    <property name="java.specification.name" value="Java Platform API Specification"/>
    <property name="surefire.real.class.path" value="C:\Users\Vitório\AppData\Local\Temp\surefire15060378374323385648\surefirebooter-20231025192731992_3.jar"/>
    <property name="user.script" value=""/>
    <property name="sun.management.compiler" value="HotSpot 64-Bit Tiered Compilers"/>
    <property name="java.runtime.version" value="20.0.2+9-78"/>
    <property name="user.name" value="Vitório"/>
    <property name="stdout.encoding" value="Cp1252"/>
    <property name="path.separator" value=";"/>
    <property name="os.version" value="10.0"/>
    <property name="java.runtime.name" value="Java(TM) SE Runtime Environment"/>
    <property name="file.encoding" value="UTF-8"/>
    <property name="java.vm.name" value="Java HotSpot(TM) 64-Bit Server VM"/>
    <property name="localRepository" value="C:\Users\Vitório\.m2\repository"/>
    <property name="java.vendor.url.bug" value="https://bugreport.java.com/bugreport/"/>
    <property name="java.io.tmpdir" value="C:\Users\VITRIO~1\AppData\Local\Temp\"/>
    <property name="java.version" value="20.0.2"/>
    <property name="user.dir" value="C:\Users\Vitório\projetos\mavenBasico"/>
    <property name="os.arch" value="amd64"/>
    <property name="java.vm.specification.name" value="Java Virtual Machine Specification"/>
    <property name="sun.os.patch.level" value=""/>
    <property name="native.encoding" value="Cp1252"/>
    <property name="java.library.path" value="C:\Program Files\Java\jdk-20\bin;C:\WINDOWS\Sun\Java\bin;C:\WINDOWS\system32;C:\WINDOWS;C:\Users\Vitório\bin;C:\Program Files\Git\mingw64\bin;C:\Program Files\Git\usr\local\bin;C:\Program Files\Git\usr\bin;C:\Program Files\Git\usr\bin;C:\Program Files\Git\mingw64\bin;C:\Program Files\Git\usr\bin;C:\Users\Vitório\bin;C:\Program Files\Common Files\Oracle\Java\javapath;C:\WINDOWS\system32;C:\WINDOWS;C:\WINDOWS\System32\Wbem;C:\WINDOWS\System32\WindowsPowerShell\v1.0;C:\WINDOWS\System32\OpenSSH;C:\ProgramData\chocolatey\bin;C:\Program Files\Git\cmd;C:\Program Files (x86)\Maven\apache-maven-3.9.5\bin;C:\Users\Vitório\AppData\Local\Programs\Python\Python311\Scripts;C:\Users\Vitório\AppData\Local\Programs\Python\Python311;C:\Users\Vitório\AppData\Local\Microsoft\WindowsApps;C:\MinGW\bin;C:\Program Files\Java\jdk-20\bin;C:\Program Files\JetBrains\PyCharm 2023.2.1\bin;C:\Users\Vitório\AppData\Local\Programs\Microsoft VS Code\bin;C:\Program Files\JetBrains\IntelliJ IDEA 2023.2.3\bin;C:\Program Files\Git\usr\bin\vendor_perl;C:\Program Files\Git\usr\bin\core_perl;."/>
    <property name="java.vm.info" value="mixed mode, sharing"/>
    <property name="stderr.encoding" value="Cp1252"/>
    <property name="java.vendor" value="Oracle Corporation"/>
    <property name="java.vm.version" value="20.0.2+9-78"/>
    <property name="sun.io.unicode.encoding" value="UnicodeLittle"/>
    <property name="java.class.version" value="64.0"/>
  </properties>
  <testcase name="testObtemUltimoResultado" classname="br.upe.mavenBasico.ResultadoMegasenaTest" time="3.367">
    <error message="Um erro inesperado ocorreu." type="java.lang.RuntimeException"><![CDATA[java.lang.RuntimeException: Um erro inesperado ocorreu.
	at br.upe.mavenBasico.ResultadoMegasena.obtemUltimoResultado(ResultadoMegasena.java:43)
	at br.upe.mavenBasico.ResultadoMegasenaTest.testObtemUltimoResultado(ResultadoMegasenaTest.java:17)
	at java.base/jdk.internal.reflect.DirectMethodHandleAccessor.invoke(DirectMethodHandleAccessor.java:104)
	at java.base/java.lang.reflect.Method.invoke(Method.java:578)
	at junit.framework.TestCase.runTest(TestCase.java:176)
	at junit.framework.TestCase.runBare(TestCase.java:141)
	at junit.framework.TestResult$1.protect(TestResult.java:122)
	at junit.framework.TestResult.runProtected(TestResult.java:142)
	at junit.framework.TestResult.run(TestResult.java:125)
	at junit.framework.TestCase.run(TestCase.java:129)
	at junit.framework.TestSuite.runTest(TestSuite.java:252)
	at junit.framework.TestSuite.run(TestSuite.java:247)
	at org.junit.internal.runners.JUnit38ClassRunner.run(JUnit38ClassRunner.java:86)
	at org.apache.maven.surefire.junit4.JUnit4Provider.execute(JUnit4Provider.java:316)
	at org.apache.maven.surefire.junit4.JUnit4Provider.executeWithRerun(JUnit4Provider.java:240)
	at org.apache.maven.surefire.junit4.JUnit4Provider.executeTestSet(JUnit4Provider.java:214)
	at org.apache.maven.surefire.junit4.JUnit4Provider.invoke(JUnit4Provider.java:155)
	at org.apache.maven.surefire.booter.ForkedBooter.runSuitesInProcess(ForkedBooter.java:385)
	at org.apache.maven.surefire.booter.ForkedBooter.execute(ForkedBooter.java:162)
	at org.apache.maven.surefire.booter.ForkedBooter.run(ForkedBooter.java:507)
	at org.apache.maven.surefire.booter.ForkedBooter.main(ForkedBooter.java:495)
Caused by: org.apache.http.client.ClientProtocolException
	at org.apache.http.impl.client.InternalHttpClient.doExecute(InternalHttpClient.java:187)
	at org.apache.http.impl.client.CloseableHttpClient.execute(CloseableHttpClient.java:72)
	at org.apache.http.impl.client.CloseableHttpClient.execute(CloseableHttpClient.java:221)
	at org.apache.http.impl.client.CloseableHttpClient.execute(CloseableHttpClient.java:165)
	at org.apache.http.impl.client.CloseableHttpClient.execute(CloseableHttpClient.java:140)
	at br.upe.mavenBasico.ResultadoMegasena.obtemUltimoResultado(ResultadoMegasena.java:38)
	... 20 more
Caused by: org.apache.http.ProtocolException: Invalid redirect URI: http://validate.perfdrive.com/4d705c9f8e593cd26bed8c1ce67f3a59/?ssa=645aa767-3e4b-4286-8985-b99c621d839b&ssb=28889384602&ssc=https%3A%2F%2Floterias.caixa.gov.br%2FPaginas%2FMega-Sena.aspx&ssi=4cdd9e04-bp7b-47f7-ab34-5b98c679b8ac&ssk=support@shieldsquare.com&ssm=46985095105167695108362792845830&ssn=7e71ddefb6aefaaa40c83e0b0ebe65fba0f4480b46d4-9a63-4ea7-a3290e&sso=aa070279-44863e84a94a05226ae180410945019f8dd3ef0a23834753&ssp=96650097491698290839169820849883160&ssq=99460997285664084217572856653727074069828&ssr=NDUuMjM0LjgyLjE4&sst=Apache-HttpClient/4.5.8 (Java/20.0.2)&ssv=&ssw=&ssx=W10=
	at org.apache.http.impl.client.DefaultRedirectStrategy.createLocationURI(DefaultRedirectStrategy.java:193)
	at org.apache.http.impl.client.DefaultRedirectStrategy.getLocationURI(DefaultRedirectStrategy.java:145)
	at org.apache.http.impl.client.DefaultRedirectStrategy.getRedirect(DefaultRedirectStrategy.java:214)
	at org.apache.http.impl.execchain.RedirectExec.execute(RedirectExec.java:121)
	at org.apache.http.impl.client.InternalHttpClient.doExecute(InternalHttpClient.java:185)
	... 25 more
Caused by: java.net.URISyntaxException: Illegal character in query at index 557: http://validate.perfdrive.com/4d705c9f8e593cd26bed8c1ce67f3a59/?ssa=645aa767-3e4b-4286-8985-b99c621d839b&ssb=28889384602&ssc=https%3A%2F%2Floterias.caixa.gov.br%2FPaginas%2FMega-Sena.aspx&ssi=4cdd9e04-bp7b-47f7-ab34-5b98c679b8ac&ssk=support@shieldsquare.com&ssm=46985095105167695108362792845830&ssn=7e71ddefb6aefaaa40c83e0b0ebe65fba0f4480b46d4-9a63-4ea7-a3290e&sso=aa070279-44863e84a94a05226ae180410945019f8dd3ef0a23834753&ssp=96650097491698290839169820849883160&ssq=99460997285664084217572856653727074069828&ssr=NDUuMjM0LjgyLjE4&sst=Apache-HttpClient/4.5.8 (Java/20.0.2)&ssv=&ssw=&ssx=W10=
	at java.base/java.net.URI$Parser.fail(URI.java:2963)
	at java.base/java.net.URI$Parser.checkChars(URI.java:3134)
	at java.base/java.net.URI$Parser.parseHierarchical(URI.java:3222)
	at java.base/java.net.URI$Parser.parse(URI.java:3164)
	at java.base/java.net.URI.<init>(URI.java:628)
	at org.apache.http.impl.client.DefaultRedirectStrategy.createLocationURI(DefaultRedirectStrategy.java:191)
	... 29 more
]]></error>
  </testcase>
</testsuite>